<?xml version="1.0" encoding="UTF-8"?>
<!-- Generated by org.testng.reporters.JUnitReportReporter -->
<testsuite hostname="WINDOWS-RM6RKV3" failures="0" tests="1" name="Addition" time="0.014" errors="0" timestamp="2021-08-09T13:02:07 IST" skipped="0">
  <testcase classname="Addition" name="add" time="0.014"/>
  <system-out/>
</testsuite> <!-- Addition -->
